<?xml version="1.0" encoding="UTF-8"?>
<testsuite name="brainfuck.TestBrainfuck" tests="5" skipped="0" failures="0" errors="0" timestamp="2021-07-30T15:22:08" hostname="DESKTOP-B7QCH0R" time="0.421">
  <properties/>
  <testcase name="testSymbols()" classname="brainfuck.TestBrainfuck" time="0.016"/>
  <testcase name="testObjects()" classname="brainfuck.TestBrainfuck" time="0.001"/>
  <testcase name="testLongString()" classname="brainfuck.TestBrainfuck" time="0.004"/>
  <testcase name="testLoop()" classname="brainfuck.TestBrainfuck" time="0.398"/>
  <testcase name="testAddCommand()" classname="brainfuck.TestBrainfuck" time="0.001"/>
  <system-out><![CDATA[]]></system-out>
  <system-err><![CDATA[]]></system-err>
</testsuite>
